#! /usr/bin/vvp
:ivl_version "11.0 (stable)";
:ivl_delay_selection "TYPICAL";
:vpi_time_precision + 0;
:vpi_module "/usr/lib/x86_64-linux-gnu/ivl/system.vpi";
:vpi_module "/usr/lib/x86_64-linux-gnu/ivl/vhdl_sys.vpi";
:vpi_module "/usr/lib/x86_64-linux-gnu/ivl/vhdl_textio.vpi";
:vpi_module "/usr/lib/x86_64-linux-gnu/ivl/v2005_math.vpi";
:vpi_module "/usr/lib/x86_64-linux-gnu/ivl/va_math.vpi";
S_0x560eb9e18dc0 .scope module, "PC" "PC" 2 1;
 .timescale 0 0;
    .port_info 0 /INPUT 32 "PCin";
    .port_info 1 /OUTPUT 32 "PCout";
    .port_info 2 /INPUT 1 "PC_Change";
o0x7f1789a59018 .functor BUFZ 1, C4<z>; HiZ drive
v0x560eb9e1a7f0_0 .net "PC_Change", 0 0, o0x7f1789a59018;  0 drivers
o0x7f1789a59048 .functor BUFZ 32, C4<zzzzzzzzzzzzzzzzzzzzzzzzzzzzzzzz>; HiZ drive
v0x560eb9e1ac00_0 .net "PCin", 31 0, o0x7f1789a59048;  0 drivers
v0x560eb9e60670_0 .var "PCout", 31 0;
E_0x560eb9e19570 .event edge, v0x560eb9e1a7f0_0, v0x560eb9e1ac00_0;
    .scope S_0x560eb9e18dc0;
T_0 ;
    %wait E_0x560eb9e19570;
    %load/vec4 v0x560eb9e1a7f0_0;
    %dup/vec4;
    %pushi/vec4 1, 0, 1;
    %cmp/u;
    %jmp/1 T_0.0, 6;
    %load/vec4 v0x560eb9e1ac00_0;
    %addi 4, 0, 32;
    %store/vec4 v0x560eb9e60670_0, 0, 32;
    %jmp T_0.2;
T_0.0 ;
    %load/vec4 v0x560eb9e1ac00_0;
    %store/vec4 v0x560eb9e60670_0, 0, 32;
    %jmp T_0.2;
T_0.2 ;
    %pop/vec4 1;
    %jmp T_0;
    .thread T_0, $push;
    .scope S_0x560eb9e18dc0;
T_1 ;
    %vpi_call 2 14 "$dumpfile", "PC.vcd" {0 0 0};
    %vpi_call 2 15 "$dumpvars" {0 0 0};
    %end;
    .thread T_1;
# The file index is used to find the file name in the following table.
:file_names 3;
    "N/A";
    "<interactive>";
    "PC.v";
